<?xml version="1.0" encoding="UTF-8"?>
<!-- Generated by org.testng.reporters.JUnitXMLReporter -->
<testsuite ignored="0" hostname="SPL1325" failures="0" tests="6" name="Primero Application Test Cases" time="34.094" errors="0" timestamp="2024-04-04T12:28:48 IST">
  <testcase classname="com.primero.testcases.CasesPageTest" name="verifyCasesLabel" time="0.364"/>
  <testcase classname="com.primero.testcases.CasesPageTest" name="sendSearchBoxData" time="3.305"/>
  <testcase classname="com.primero.testcases.HomePageTest" name="verifyHomePageTitleTest" time="0.013"/>
  <testcase classname="com.primero.testcases.HomePageTest" name="verifyHomeTextTest" time="0.965"/>
  <testcase classname="com.primero.testcases.HomePageTest" name="verifyContactsLinkTest" time="5.57"/>
  <testcase classname="com.primero.testcases.LoginPageTest" name="loginTest" time="0.556"/>
</testsuite> <!-- Primero Application Test Cases -->
