<?xml version="1.0" encoding="UTF-8"?>
<!-- Generated by org.testng.reporters.JUnitXMLReporter -->
<testsuite ignored="0" hostname="SPL1325" failures="0" tests="6" name="Primero Application Test Cases" time="39.931" errors="0" timestamp="2024-04-23T16:16:13 IST">
  <testcase classname="com.primero.testcases.CasesPageTest" name="verifyCasesLabel" time="0.29"/>
  <testcase classname="com.primero.testcases.CasesPageTest" name="sendSearchBoxData" time="9.382"/>
  <testcase classname="com.primero.testcases.HomePageTest" name="verifyHomePageTitleTest" time="0.013"/>
  <testcase classname="com.primero.testcases.HomePageTest" name="verifyHomeTextTest" time="0.869"/>
  <testcase classname="com.primero.testcases.HomePageTest" name="verifyContactsLinkTest" time="5.462"/>
  <testcase classname="com.primero.testcases.LoginPageTest" name="loginTest" time="0.718"/>
</testsuite> <!-- Primero Application Test Cases -->
