<?xml version="1.0" encoding="UTF-8"?>
<!-- Generated by org.testng.reporters.JUnitXMLReporter -->
<testsuite ignored="0" hostname="SPL1325" failures="0" tests="2" name="Default test" time="166.563" errors="0" timestamp="2024-05-10T17:14:25 IST">
  <testcase classname="com.primero.testcases.Cases_AddNewCasesPageTest" name="verifyCasesLabel" time="0.294"/>
  <testcase classname="com.primero.testcases.Cases_AddNewCasesPageTest" name="addNewCase" time="143.913"/>
</testsuite> <!-- Default test -->
