<?xml version="1.0" encoding="UTF-8"?>
<testng-results ignored="0" total="1" passed="1" failed="0" skipped="0">
  <reporter-output>
  </reporter-output>
  <suite started-at="2024-11-26T15:56:18 IST" name="Default suite" finished-at="2024-11-26T15:56:45 IST" duration-ms="27333">
    <groups>
    </groups>
    <test started-at="2024-11-26T15:56:18 IST" name="Default test" finished-at="2024-11-26T15:56:45 IST" duration-ms="27333">
      <class name="com.primero.testcases_MarkOfflineCases.CP_Add_Incident_Markoffline">
        <test-method is-config="true" signature="setUp()[pri:0, instance:com.primero.testcases_MarkOfflineCases.CP_Add_Incident_Markoffline@47d9a273]" started-at="2024-11-26T15:56:18 IST" name="setUp" finished-at="2024-11-26T15:56:25 IST" duration-ms="6429" status="PASS">
          <reporter-output>
          </reporter-output>
        </test-method> <!-- setUp -->
        <test-method signature="createIncident(java.lang.String,java.lang.String,java.lang.String,java.lang.String,java.lang.String)[pri:1, instance:com.primero.testcases_MarkOfflineCases.CP_Add_Incident_Markoffline@47d9a273]" started-at="2024-11-26T15:56:25 IST" name="createIncident" data-provider="getTestDataFromExcel_SearchCases" finished-at="2024-11-26T15:56:45 IST" duration-ms="20202" status="PASS">
          <params>
            <param index="0">
              <value>
                <![CDATA[Other]]>
              </value>
            </param>
            <param index="1">
              <value>
                <![CDATA[Work]]>
              </value>
            </param>
            <param index="2">
              <value>
                <![CDATA[Country]]>
              </value>
            </param>
            <param index="3">
              <value>
                <![CDATA[Morning]]>
              </value>
            </param>
            <param index="4">
              <value>
                <![CDATA[Sexual]]>
              </value>
            </param>
          </params>
          <reporter-output>
          </reporter-output>
        </test-method> <!-- createIncident -->
      </class> <!-- com.primero.testcases_MarkOfflineCases.CP_Add_Incident_Markoffline -->
    </test> <!-- Default test -->
  </suite> <!-- Default suite -->
</testng-results>
