<?xml version="1.0" encoding="UTF-8"?>
<!-- Generated by org.testng.reporters.JUnitReportReporter -->
<testsuite hostname="SPL1527" failures="0" tests="3" name="com.primero.testcases.LogoutPageTest" time="53.485" errors="0" timestamp="2025-08-26T21:31:04 IST" skipped="0">
  <testcase classname="com.primero.testcases.LogoutPageTest" name="verifyHomePageTitleTest" time="22.866"/>
  <testcase classname="com.primero.testcases.LogoutPageTest" name="verifyHomeTextTest" time="12.857"/>
  <testcase classname="com.primero.testcases.LogoutPageTest" name="verifyLogoutTest" time="17.762"/>
</testsuite> <!-- com.primero.testcases.LogoutPageTest -->
