<?xml version="1.0" encoding="UTF-8"?>
<!-- Generated by org.testng.reporters.JUnitReportReporter -->
<testsuite hostname="SPL1527" failures="0" tests="2" name="com.primero.testcases_Support.ContactInfo" time="66.957" errors="0" timestamp="2025-11-24T22:35:28 IST" skipped="0">
  <testcase classname="com.primero.testcases_Support.ContactInfo" name="verifySupport" time="17.241"/>
  <testcase classname="com.primero.testcases_Support.ContactInfo" name="verifyorgName_Support" time="49.716"/>
</testsuite> <!-- com.primero.testcases_Support.ContactInfo -->
