<?xml version="1.0" encoding="UTF-8"?>
<!-- Generated by org.testng.reporters.JUnitReportReporter -->
<testsuite hostname="SPL1527" failures="0" tests="2" name="com.primero.testcases_TracingRequest.AddNewTracingReqTest" time="39.228" errors="0" timestamp="2025-06-25T17:19:16 IST" skipped="0">
  <testcase classname="com.primero.testcases_TracingRequest.AddNewTracingReqTest" name="verifyCasesLabel" time="19.612"/>
  <testcase classname="com.primero.testcases_TracingRequest.AddNewTracingReqTest" name="createTR" time="19.616"/>
</testsuite> <!-- com.primero.testcases_TracingRequest.AddNewTracingReqTest -->
