<?xml version="1.0" encoding="UTF-8"?>
<!-- Generated by org.testng.reporters.JUnitReportReporter -->
<testsuite hostname="SPL1527" failures="0" tests="3" name="com.primero.testcases_Report.Report_EditDelete" time="73.445" errors="0" timestamp="2025-11-24T22:54:08 IST" skipped="0">
  <testcase classname="com.primero.testcases_Report.Report_EditDelete" name="addReportTest" time="37.444"/>
  <testcase classname="com.primero.testcases_Report.Report_EditDelete" name="editReportTest" time="25.878"/>
  <testcase classname="com.primero.testcases_Report.Report_EditDelete" name="deleteReportTest" time="10.123"/>
</testsuite> <!-- com.primero.testcases_Report.Report_EditDelete -->
